\BOOKMARK [0][-]{chapter*.3}{\315ndice de figuras}{}% 1
\BOOKMARK [0][-]{chapter.1}{Introducci\363n}{}% 2
\BOOKMARK [1][-]{section.1.1}{Rob\363tica}{chapter.1}% 3
\BOOKMARK [1][-]{section.1.2}{Tecnolog\355as Web}{chapter.1}% 4
\BOOKMARK [2][-]{subsection.1.2.1}{Tecnolog\355as Web lado cliente}{section.1.2}% 5
\BOOKMARK [2][-]{subsection.1.2.2}{Tecnolog\355as Web lado servidor}{section.1.2}% 6
\BOOKMARK [1][-]{section.1.3}{Rob\363tica educativa}{chapter.1}% 7
\BOOKMARK [2][-]{subsection.1.3.1}{Importancia de los juegos y multimedia en el aprendizaje}{section.1.3}% 8
\BOOKMARK [2][-]{subsection.1.3.2}{Gamificaci\363n en el aprendizaje}{section.1.3}% 9
\BOOKMARK [2][-]{subsection.1.3.3}{Campeonatos de rob\363tica educativa existentes}{section.1.3}% 10
\BOOKMARK [1][-]{section.1.4}{Estructura del documento}{chapter.1}% 11
\BOOKMARK [0][-]{chapter.2}{Objetivos y Metodolog\355a del Trabajo}{}% 12
\BOOKMARK [1][-]{section.2.1}{Objetivos}{chapter.2}% 13
\BOOKMARK [1][-]{section.2.2}{Requisitos}{chapter.2}% 14
\BOOKMARK [1][-]{section.2.3}{Metodolog\355a}{chapter.2}% 15
\BOOKMARK [1][-]{section.2.4}{Plan de Trabajo}{chapter.2}% 16
\BOOKMARK [0][-]{chapter.3}{Infraestructura utilizada}{}% 17
\BOOKMARK [1][-]{section.3.1}{Lenguajes de programaci\363n y de documentos}{chapter.3}% 18
\BOOKMARK [2][-]{subsection.3.1.1}{HTML5}{section.3.1}% 19
\BOOKMARK [2][-]{subsection.3.1.2}{JavaScript}{section.3.1}% 20
\BOOKMARK [2][-]{subsection.3.1.3}{Python y Scratch}{section.3.1}% 21
\BOOKMARK [2][-]{subsection.3.1.4}{JSON}{section.3.1}% 22
\BOOKMARK [1][-]{section.3.2}{Herramientas}{chapter.3}% 23
\BOOKMARK [2][-]{subsection.3.2.1}{TensorFlowJS, Web Audio API y Teachable Machine}{section.3.2}% 24
\BOOKMARK [2][-]{subsection.3.2.2}{A-Frame}{section.3.2}% 25
\BOOKMARK [2][-]{subsection.3.2.3}{Blender}{section.3.2}% 26
\BOOKMARK [2][-]{subsection.3.2.4}{Plataforma Kibotics}{section.3.2}% 27
\BOOKMARK [2][-]{subsection.3.2.5}{Navegadores web utilizados}{section.3.2}% 28
\BOOKMARK [0][-]{chapter.4}{Ejercicio teleoperador ac\372stico y banda sonora}{}% 29
\BOOKMARK [0][-]{chapter.5}{Ejercicio aspiadora rob\363tica atrapa confeti}{}% 30
\BOOKMARK [1][-]{section.5.1}{Enunciado}{chapter.5}% 31
\BOOKMARK [1][-]{section.5.2}{Desarrollo del ejercicio}{chapter.5}% 32
\BOOKMARK [1][-]{section.5.3}{Soluci\363n de referencia}{chapter.5}% 33
\BOOKMARK [0][-]{chapter.6}{Ejercicio juego del pa\361uelo}{}% 34
\BOOKMARK [1][-]{section.6.1}{Enunciado}{chapter.6}% 35
\BOOKMARK [1][-]{section.6.2}{Desarrollo del ejercicio}{chapter.6}% 36
\BOOKMARK [1][-]{section.6.3}{Soluci\363n de referencia}{chapter.6}% 37
\BOOKMARK [0][-]{chapter.7}{Conclusiones y trabajos futuros}{}% 38
\BOOKMARK [0][-]{chapter*.31}{Bibliograf\355a}{}% 39
